[debug] [2024-07-23T12:59:36.474Z] ----------------------------------------------------------------------
[debug] [2024-07-23T12:59:36.478Z] Command:       C:\Program Files\nodejs\node.exe C:\Users\Administrator\AppData\Roaming\npm\node_modules\firebase-tools\lib\bin\firebase.js deploy
[debug] [2024-07-23T12:59:36.479Z] CLI Version:   13.13.1
[debug] [2024-07-23T12:59:36.479Z] Platform:      win32
[debug] [2024-07-23T12:59:36.479Z] Node Version:  v20.12.2
[debug] [2024-07-23T12:59:36.480Z] Time:          Tue Jul 23 2024 05:59:36 GMT-0700 (Pacific Daylight Time)
[debug] [2024-07-23T12:59:36.480Z] ----------------------------------------------------------------------
[debug] 
[debug] [2024-07-23T12:59:36.576Z] > command requires scopes: ["email","openid","https://www.googleapis.com/auth/cloudplatformprojects.readonly","https://www.googleapis.com/auth/firebase","https://www.googleapis.com/auth/cloud-platform"]
[debug] [2024-07-23T12:59:36.577Z] > authorizing via signed-in user (subhashchandrabosep97@jnn.edu.in)
[debug] [2024-07-23T12:59:36.577Z] [iam] checking project moveispotfeedback for permissions ["firebase.projects.get","firebasehosting.sites.update"]
[debug] [2024-07-23T12:59:36.579Z] >>> [apiv2][query] POST https://cloudresourcemanager.googleapis.com/v1/projects/moveispotfeedback:testIamPermissions [none]
[debug] [2024-07-23T12:59:36.579Z] >>> [apiv2][(partial)header] POST https://cloudresourcemanager.googleapis.com/v1/projects/moveispotfeedback:testIamPermissions x-goog-quota-user=projects/moveispotfeedback
[debug] [2024-07-23T12:59:36.579Z] >>> [apiv2][body] POST https://cloudresourcemanager.googleapis.com/v1/projects/moveispotfeedback:testIamPermissions {"permissions":["firebase.projects.get","firebasehosting.sites.update"]}
[debug] [2024-07-23T12:59:36.636Z] *** [apiv2] error from fetch(https://cloudresourcemanager.googleapis.com/v1/projects/moveispotfeedback:testIamPermissions, {"headers":{},"method":"POST","body":"{\"permissions\":[\"firebase.projects.get\",\"firebasehosting.sites.update\"]}"}): FetchError: request to https://cloudresourcemanager.googleapis.com/v1/projects/moveispotfeedback:testIamPermissions failed, reason: getaddrinfo ENOTFOUND cloudresourcemanager.googleapis.com
[debug] [2024-07-23T12:59:36.636Z] [iam] error while checking permissions, command may fail: FirebaseError: Failed to make request to https://cloudresourcemanager.googleapis.com/v1/projects/moveispotfeedback:testIamPermissions
[debug] [2024-07-23T12:59:36.637Z] >>> [apiv2][query] GET https://firebase.googleapis.com/v1beta1/projects/moveispotfeedback [none]
[debug] [2024-07-23T12:59:36.643Z] *** [apiv2] error from fetch(https://firebase.googleapis.com/v1beta1/projects/moveispotfeedback, {"headers":{},"method":"GET","signal":{}}): FetchError: request to https://firebase.googleapis.com/v1beta1/projects/moveispotfeedback failed, reason: getaddrinfo ENOTFOUND firebase.googleapis.com
[debug] [2024-07-23T12:59:36.643Z] Failed to make request to https://firebase.googleapis.com/v1beta1/projects/moveispotfeedback (original: request to https://firebase.googleapis.com/v1beta1/projects/moveispotfeedback failed, reason: getaddrinfo ENOTFOUND firebase.googleapis.com)
[error] 
[error] Error: Assertion failed: resolving hosting target of a site with no site name or target name. This should have caused an error earlier
